{"level":"info","message":"Setting up tables..."}
{"level":"info","message":"Created SESSION_SECRET in .env: undefined"}
{"level":"info","message":"Finished loading VeyAuth!"}
undefined
undefined
undefined
undefined
undefined
undefined
undefined
undefined
undefined
undefined
undefined
undefined
{"level":"info","message":"Setting up tables..."}
{"level":"info","message":"Created SESSION_SECRET in .env: undefined"}
{"level":"info","message":"Finished loading VeyAuth!"}
{"level":"info","message":"Setting up tables..."}
{"level":"info","message":"Created SESSION_SECRET in .env: undefined"}
{"level":"info","message":"Finished loading VeyAuth!"}
undefined
undefined
undefined
{"level":"info","message":"Setting up tables..."}
{"level":"info","message":"Created SESSION_SECRET in .env: undefined"}
{"level":"info","message":"Finished loading VeyAuth!"}
{"level":"info","message":"Setting up tables..."}
{"level":"info","message":"Created SESSION_SECRET in .env: cxglfff1jivkpg9ivia2"}
{"level":"info","message":"Finished loading VeyAuth!"}
{"level":"info","message":"Setting up tables..."}
{"level":"info","message":"Created SESSION_SECRET in .env: 0l1pml5zx8d2kidw6rx1"}
{"level":"info","message":"Finished loading VeyAuth!"}
{"level":"info","message":"Setting up tables..."}
{"level":"info","message":"Finished loading VeyAuth!"}
{"level":"info","message":"Setting up tables..."}
{"level":"info","message":"Created SESSION_SECRET in .env: itasfdpkqttr3ao60131"}
{"level":"info","message":"Finished loading VeyAuth!"}
{"level":"info","message":"Setting up tables..."}
{"level":"info","message":"SESSION_SECRET is itasfdpkqttr3ao60131"}
{"level":"info","message":"Finished loading VeyAuth!"}
{"level":"info","message":"Setting up tables..."}
{"level":"info","message":"SESSION_SECRET is itasfdpkqttr3ao60131"}
{"level":"info","message":"Finished loading VeyAuth!"}
{"level":"info","message":"Setting up tables..."}
{"level":"info","message":"SESSION_SECRET is itasfdpkqttr3ao60131"}
{"level":"info","message":"Finished loading VeyAuth!"}
